[35m[Appium][39m Welcome to Appium v2.9.0
[35m[Appium][39m Non-default server args:
[35m[Appium][39m { basePath: [32m'/wd/hub'[39m, loglevel: [32m'info'[39m, port: [33m5017[39m }
[35m[Appium][39m Attempting to load driver uiautomator2...
[35m[Appium][39m Appium REST http interface listener started on http://0.0.0.0:5017/wd/hub
[35m[Appium][39m You can provide the following URLs in your client code to connect to this server:
[35m[Appium][39m 	http://192.168.0.130:5017/wd/hub
[35m[Appium][39m 	http://192.168.53.1:5017/wd/hub
[35m[Appium][39m 	http://192.168.86.1:5017/wd/hub
[35m[Appium][39m 	http://127.0.0.1:5017/wd/hub (only accessible from the same host)
[35m[Appium][39m 	http://172.26.192.1:5017/wd/hub
[35m[Appium][39m Available drivers:
[35m[Appium][39m   - uiautomator2@3.7.6 (automationName 'UiAutomator2')
[35m[Appium][39m No plugins have been installed. Use the "appium plugin" command to install the one(s) you want to use.
[38;5;0m[HTTP][0m [37m-->[39m [37mGET[39m [37m/wd/hub/status[39m
[38;5;0m[HTTP][0m [90m{}[39m
[38;5;0m[HTTP][0m [37m<-- GET /wd/hub/status [39m[32m200[39m [90m3 ms - 110[39m
[38;5;0m[HTTP][0m [90m[39m
[38;5;0m[HTTP][0m [37m-->[39m [37mGET[39m [37m/wd/hub/status[39m
[38;5;0m[HTTP][0m [90m{}[39m
[38;5;0m[HTTP][0m [37m<-- GET /wd/hub/status [39m[32m200[39m [90m1 ms - 110[39m
[38;5;0m[HTTP][0m [90m[39m
[38;5;0m[HTTP][0m [37m-->[39m [37mPOST[39m [37m/wd/hub/session[39m
[38;5;0m[HTTP][0m [90m{"desiredCapabilities":{"appium:systemPort":5030,"appium:newCommandTimeout":1800,"appium:automationName":"uiautomator2","appium:fullReset":false,"appium:platformVersion":"11","appium:noReset":true,"appium:udid":"emulator-5554","appium:autoGrantPermissions":true,"appium:platformName":"ANDROID","appium:deviceName":"emulator-5554 (sdk_gphone_x86 - Android 11)","platformName":"Android","appium:app":"C:\\Users\\TallyKhata\\Desktop\\katalon\\katalon-Bikroi App Automation\\APP\\bikroy.apk"},"capabilities":{"firstMatch":[{"appium:app":"C:\\Users\\TallyKhata\\Desktop\\katalon\\katalon-Bikroi App Automation\\APP\\bikroy.apk","appium:autoGrantPermissions":true,"appium:automationName":"uiautomator2","appium:deviceName":"emulator-5554 (sdk_gphone_x86 - Android 11)","appium:fullReset":false,"appium:newCommandTimeout":1800,"appium:noReset":true,"appium:platformName":"ANDROID","appium:platformVersion":"11","appium:systemPort":5030,"appium:udid":"emulator-5554","platformName":"android"}]}}[39m
[38;5;32m[BaseDriver][0m Ignoring capability 'appium:platformName=ANDROID' and using capability 'platformName=android'
[38;5;32m[BaseDriver][0m The capabilities ["platformName"] are standard capabilities and do not require "appium:" prefix
[35m[Appium][39m Attempting to find matching driver for automationName 'uiautomator2' and platformName 'android'
[35m[Appium][39m The 'uiautomator2' driver was installed and matched caps.
[35m[Appium][39m Will require it at C:\Users\TallyKhata\.appium\node_modules\appium-uiautomator2-driver
[38;5;16m[AppiumDriver@9e1a][0m Appium v2.9.0 creating new AndroidUiautomator2Driver (v3.7.6) session
[38;5;16m[AppiumDriver@9e1a][0m Checking BaseDriver versions for Appium and AndroidUiautomator2Driver
[38;5;16m[AppiumDriver@9e1a][0m Appium's BaseDriver version is 9.9.0
[38;5;16m[AppiumDriver@9e1a][0m AndroidUiautomator2Driver's BaseDriver version is 9.9.0
[38;5;48m[AndroidUiautomator2Driver@1428 (fd5246f3)][0m Session created with session id: fd5246f3-d399-4040-aee8-38cab1dfa474
[38;5;64m[ADB][0m Found 6 'build-tools' folders under 'C:\Users\TallyKhata\AppData\Local\Android\Sdk' (newest first):
[38;5;64m[ADB][0m     C:\Users\TallyKhata\AppData\Local\Android\Sdk\build-tools\34.0.0
[38;5;64m[ADB][0m     C:\Users\TallyKhata\AppData\Local\Android\Sdk\build-tools\30.0.3
[38;5;64m[ADB][0m     C:\Users\TallyKhata\AppData\Local\Android\Sdk\build-tools\30.0.2
[38;5;64m[ADB][0m     C:\Users\TallyKhata\AppData\Local\Android\Sdk\build-tools\28.0.3
[38;5;64m[ADB][0m     C:\Users\TallyKhata\AppData\Local\Android\Sdk\build-tools\27.0.3
[38;5;64m[ADB][0m     C:\Users\TallyKhata\AppData\Local\Android\Sdk\build-tools\25.0.3
[38;5;64m[ADB][0m Using 'adb.exe' from 'C:\Users\TallyKhata\AppData\Local\Android\Sdk\platform-tools\adb.exe'
[38;5;48m[AndroidUiautomator2Driver@1428 (fd5246f3)][0m Retrieving device list
[38;5;48m[AndroidUiautomator2Driver@1428 (fd5246f3)][0m Using device: emulator-5554
[38;5;64m[ADB][0m Using 'adb.exe' from 'C:\Users\TallyKhata\AppData\Local\Android\Sdk\platform-tools\adb.exe'
[38;5;32m[BaseDriver][0m Using local app 'C:\Users\TallyKhata\Desktop\katalon\katalon-Bikroi App Automation\APP\bikroy.apk'
[38;5;64m[ADB][0m Getting device platform version
[38;5;48m[AndroidUiautomator2Driver@1428 (fd5246f3)][0m Relaxing hidden api policy
[38;5;64m[ADB][0m Using 'aapt2.exe' from 'C:\Users\TallyKhata\AppData\Local\Android\Sdk\build-tools\34.0.0\aapt2.exe'
[38;5;64m[ADB][0m Package name: 'com.bikroy'
[38;5;64m[ADB][0m Main activity name: 'se.saltside.activity.SplashActivity'
[38;5;48m[AndroidUiautomator2Driver@1428 (fd5246f3)][0m Server packages are not going to be (re)installed
[38;5;64m[ADB][0m Adding packages ["io.appium.settings","io.appium.uiautomator2.server","io.appium.uiautomator2.server.test"] to Doze whitelist
[38;5;64m[ADB][0m Using 'apksigner.jar' from 'C:\Users\TallyKhata\AppData\Local\Android\Sdk\build-tools\34.0.0\lib\apksigner.jar'
[38;5;64m[ADB][0m 'C:\Users\TallyKhata\Desktop\katalon\katalon-Bikroi App Automation\APP\bikroy.apk' is signed with a non-default certificate
[38;5;64m[ADB][0m The application at 'C:\Users\TallyKhata\Desktop\katalon\katalon-Bikroi App Automation\APP\bikroy.apk' will not be cached, because the device under test has confirmed the support of streamed installs
[38;5;64m[ADB][0m The installation of 'bikroy.apk' took 2507ms
[38;5;48m[AndroidUiautomator2Driver@1428 (fd5246f3)][0m Starting UIAutomator2 server 7.0.21
[38;5;48m[AndroidUiautomator2Driver@1428 (fd5246f3)][0m Using UIAutomator2 server from 'C:\Users\TallyKhata\.appium\node_modules\appium-uiautomator2-driver\node_modules\appium-uiautomator2-server\apks\appium-uiautomator2-server-v7.0.21.apk' and test from 'C:\Users\TallyKhata\.appium\node_modules\appium-uiautomator2-driver\node_modules\appium-uiautomator2-server\apks\appium-uiautomator2-server-debug-androidTest.apk'
[38;5;48m[AndroidUiautomator2Driver@1428 (fd5246f3)][0m Waiting up to 30000ms for UiAutomator2 to be online...
[38;5;48m[AndroidUiautomator2Driver@1428 (fd5246f3)][0m socket hang up
[38;5;48m[AndroidUiautomator2Driver@1428 (fd5246f3)][0m socket hang up
[38;5;48m[AndroidUiautomator2Driver@1428 (fd5246f3)][0m Determined the downstream protocol as 'W3C'
[38;5;48m[AndroidUiautomator2Driver@1428 (fd5246f3)][0m Screen already unlocked, doing nothing
[38;5;48m[AndroidUiautomator2Driver@1428 (fd5246f3)][0m Starting 'com.bikroy/se.saltside.activity.SplashActivity and waiting for 'com.bikroy/se.saltside.activity.SplashActivity'
[38;5;16m[AppiumDriver@9e1a][0m New AndroidUiautomator2Driver session created successfully, session fd5246f3-d399-4040-aee8-38cab1dfa474 added to master session list
[38;5;0m[HTTP][0m [37m<-- POST /wd/hub/session [39m[32m200[39m [90m7167 ms - 1274[39m
[38;5;0m[HTTP][0m [90m[39m
[38;5;0m[HTTP][0m [37m-->[39m [37mGET[39m [37m/wd/hub/session/fd5246f3-d399-4040-aee8-38cab1dfa474[39m
[38;5;0m[HTTP][0m [90m{}[39m
[38;5;0m[HTTP][0m [37m<-- GET /wd/hub/session/fd5246f3-d399-4040-aee8-38cab1dfa474 [39m[32m200[39m [90m9 ms - 395[39m
[38;5;0m[HTTP][0m [90m[39m
[38;5;0m[HTTP][0m [37m-->[39m [37mGET[39m [37m/wd/hub/session/fd5246f3-d399-4040-aee8-38cab1dfa474[39m
[38;5;0m[HTTP][0m [90m{}[39m
[38;5;0m[HTTP][0m [37m<-- GET /wd/hub/session/fd5246f3-d399-4040-aee8-38cab1dfa474 [39m[32m200[39m [90m6 ms - 395[39m
[38;5;0m[HTTP][0m [90m[39m
[38;5;0m[HTTP][0m [37m-->[39m [37mGET[39m [37m/wd/hub/status[39m
[38;5;0m[HTTP][0m [90m{}[39m
[38;5;0m[HTTP][0m [37m<-- GET /wd/hub/status [39m[32m200[39m [90m1 ms - 110[39m
[38;5;0m[HTTP][0m [90m[39m
[38;5;0m[HTTP][0m [37m-->[39m [37mPOST[39m [37m/wd/hub/session/fd5246f3-d399-4040-aee8-38cab1dfa474/timeouts[39m
[38;5;0m[HTTP][0m [90m{"implicit":60000}[39m
[38;5;0m[HTTP][0m [37m<-- POST /wd/hub/session/fd5246f3-d399-4040-aee8-38cab1dfa474/timeouts [39m[32m200[39m [90m2 ms - 14[39m
[38;5;0m[HTTP][0m [90m[39m
[38;5;0m[HTTP][0m [37m-->[39m [37mGET[39m [37m/wd/hub/session/fd5246f3-d399-4040-aee8-38cab1dfa474/source[39m
[38;5;0m[HTTP][0m [90m{}[39m
[38;5;48m[AndroidUiautomator2Driver@1428 (fd5246f3)][0m Driver proxy active, passing request on via HTTP proxy
[38;5;48m[AndroidUiautomator2Driver@1428 (fd5246f3)][0m Replacing sessionId 5000a082-c73b-4db1-a03a-2709f16a45c8 with fd5246f3-d399-4040-aee8-38cab1dfa474
[38;5;0m[HTTP][0m [37m<-- GET /wd/hub/session/fd5246f3-d399-4040-aee8-38cab1dfa474/source [39m[32m200[39m [90m1539 ms - 10054[39m
[38;5;0m[HTTP][0m [90m[39m
[38;5;0m[HTTP][0m [37m-->[39m [37mGET[39m [37m/wd/hub/session/fd5246f3-d399-4040-aee8-38cab1dfa474/screenshot[39m
[38;5;0m[HTTP][0m [90m{}[39m
[38;5;0m[HTTP][0m [37m<-- GET /wd/hub/session/fd5246f3-d399-4040-aee8-38cab1dfa474/screenshot [39m[32m200[39m [90m313 ms - 176812[39m
[38;5;0m[HTTP][0m [90m[39m
[38;5;0m[HTTP][0m [37m-->[39m [37mGET[39m [37m/wd/hub/session/fd5246f3-d399-4040-aee8-38cab1dfa474/window/rect[39m
[38;5;0m[HTTP][0m [90m{}[39m
[38;5;0m[HTTP][0m [37m<-- GET /wd/hub/session/fd5246f3-d399-4040-aee8-38cab1dfa474/window/rect [39m[32m200[39m [90m11 ms - 50[39m
[38;5;0m[HTTP][0m [90m[39m
[38;5;0m[HTTP][0m [37m-->[39m [37mPOST[39m [37m/wd/hub/session/fd5246f3-d399-4040-aee8-38cab1dfa474/elements[39m
[38;5;0m[HTTP][0m [90m{"using":"xpath","value":"//*[@class = 'android.widget.ImageView' and @resource-id = 'com.bikroy:id/intro_close' and (@text = '' or . = '')]"}[39m
[38;5;0m[HTTP][0m [37m<-- POST /wd/hub/session/fd5246f3-d399-4040-aee8-38cab1dfa474/elements [39m[32m200[39m [90m60056 ms - 12[39m
[38;5;0m[HTTP][0m [90m[39m
[38;5;0m[HTTP][0m [37m-->[39m [37mGET[39m [37m/wd/hub/session/fd5246f3-d399-4040-aee8-38cab1dfa474/source[39m
[38;5;0m[HTTP][0m [90m{}[39m
[38;5;48m[AndroidUiautomator2Driver@1428 (fd5246f3)][0m Driver proxy active, passing request on via HTTP proxy
[38;5;48m[AndroidUiautomator2Driver@1428 (fd5246f3)][0m Replacing sessionId 5000a082-c73b-4db1-a03a-2709f16a45c8 with fd5246f3-d399-4040-aee8-38cab1dfa474
[38;5;0m[HTTP][0m [37m<-- GET /wd/hub/session/fd5246f3-d399-4040-aee8-38cab1dfa474/source [39m[32m200[39m [90m49 ms - 43133[39m
[38;5;0m[HTTP][0m [90m[39m
[38;5;0m[HTTP][0m [37m-->[39m [37mGET[39m [37m/wd/hub/session/fd5246f3-d399-4040-aee8-38cab1dfa474/screenshot[39m
[38;5;0m[HTTP][0m [90m{}[39m
[38;5;0m[HTTP][0m [37m<-- GET /wd/hub/session/fd5246f3-d399-4040-aee8-38cab1dfa474/screenshot [39m[32m200[39m [90m799 ms - 2837252[39m
[38;5;0m[HTTP][0m [90m[39m
[38;5;0m[HTTP][0m [37m-->[39m [37mGET[39m [37m/wd/hub/session/fd5246f3-d399-4040-aee8-38cab1dfa474/window/rect[39m
[38;5;0m[HTTP][0m [90m{}[39m
[38;5;0m[HTTP][0m [37m<-- GET /wd/hub/session/fd5246f3-d399-4040-aee8-38cab1dfa474/window/rect [39m[32m200[39m [90m9 ms - 50[39m
[38;5;0m[HTTP][0m [90m[39m
[38;5;0m[HTTP][0m [37m-->[39m [37mPOST[39m [37m/wd/hub/session/fd5246f3-d399-4040-aee8-38cab1dfa474/elements[39m
[38;5;0m[HTTP][0m [90m{"using":"xpath","value":"//*[@class = 'android.widget.ImageButton' and @resource-id = 'com.bikroy:id/main_bottom_panel_my_account' and (@text = '' or . = '')]"}[39m
[38;5;0m[HTTP][0m [37m<-- POST /wd/hub/session/fd5246f3-d399-4040-aee8-38cab1dfa474/elements [39m[32m200[39m [90m54 ms - 139[39m
[38;5;0m[HTTP][0m [90m[39m
[38;5;0m[HTTP][0m [37m-->[39m [37mGET[39m [37m/wd/hub/session/fd5246f3-d399-4040-aee8-38cab1dfa474/element/00000000-0000-01b3-ffff-ffff00000256/location[39m
[38;5;0m[HTTP][0m [90m{}[39m
[38;5;48m[AndroidUiautomator2Driver@1428 (fd5246f3)][0m Driver proxy active, passing request on via HTTP proxy
[38;5;48m[AndroidUiautomator2Driver@1428 (fd5246f3)][0m Replacing sessionId 5000a082-c73b-4db1-a03a-2709f16a45c8 with fd5246f3-d399-4040-aee8-38cab1dfa474
[38;5;0m[HTTP][0m [37m<-- GET /wd/hub/session/fd5246f3-d399-4040-aee8-38cab1dfa474/element/00000000-0000-01b3-ffff-ffff00000256/location [39m[32m200[39m [90m13 ms - 80[39m
[38;5;0m[HTTP][0m [90m[39m
[38;5;0m[HTTP][0m [37m-->[39m [37mPOST[39m [37m/wd/hub/session/fd5246f3-d399-4040-aee8-38cab1dfa474/element/00000000-0000-01b3-ffff-ffff00000256/click[39m
[38;5;0m[HTTP][0m [90m{"id":"00000000-0000-01b3-ffff-ffff00000256"}[39m
[38;5;0m[HTTP][0m [37m<-- POST /wd/hub/session/fd5246f3-d399-4040-aee8-38cab1dfa474/element/00000000-0000-01b3-ffff-ffff00000256/click [39m[32m200[39m [90m58 ms - 14[39m
[38;5;0m[HTTP][0m [90m[39m
[38;5;0m[HTTP][0m [37m-->[39m [37mGET[39m [37m/wd/hub/session/fd5246f3-d399-4040-aee8-38cab1dfa474/source[39m
[38;5;0m[HTTP][0m [90m{}[39m
[38;5;48m[AndroidUiautomator2Driver@1428 (fd5246f3)][0m Driver proxy active, passing request on via HTTP proxy
[38;5;48m[AndroidUiautomator2Driver@1428 (fd5246f3)][0m Replacing sessionId 5000a082-c73b-4db1-a03a-2709f16a45c8 with fd5246f3-d399-4040-aee8-38cab1dfa474
[38;5;0m[HTTP][0m [37m<-- GET /wd/hub/session/fd5246f3-d399-4040-aee8-38cab1dfa474/source [39m[32m200[39m [90m107 ms - 24291[39m
[38;5;0m[HTTP][0m [90m[39m
[38;5;0m[HTTP][0m [37m-->[39m [37mGET[39m [37m/wd/hub/session/fd5246f3-d399-4040-aee8-38cab1dfa474/screenshot[39m
[38;5;0m[HTTP][0m [90m{}[39m
[38;5;0m[HTTP][0m [37m<-- GET /wd/hub/session/fd5246f3-d399-4040-aee8-38cab1dfa474/screenshot [39m[32m200[39m [90m273 ms - 357220[39m
[38;5;0m[HTTP][0m [90m[39m
[38;5;0m[HTTP][0m [37m-->[39m [37mGET[39m [37m/wd/hub/session/fd5246f3-d399-4040-aee8-38cab1dfa474/window/rect[39m
[38;5;0m[HTTP][0m [90m{}[39m
[38;5;0m[HTTP][0m [37m<-- GET /wd/hub/session/fd5246f3-d399-4040-aee8-38cab1dfa474/window/rect [39m[32m200[39m [90m5 ms - 50[39m
[38;5;0m[HTTP][0m [90m[39m
[38;5;0m[HTTP][0m [37m-->[39m [37mPOST[39m [37m/wd/hub/session/fd5246f3-d399-4040-aee8-38cab1dfa474/elements[39m
[38;5;0m[HTTP][0m [90m{"using":"xpath","value":"//*[@class = 'android.widget.TextView' and (@text = 'ইমেইল দিয়ে চালিয়ে যান' or . = 'ইমেইল দিয়ে চালিয়ে যান') and @resource-id = 'com.bikroy:id/txt_text']"}[39m
[38;5;0m[HTTP][0m [37m<-- POST /wd/hub/session/fd5246f3-d399-4040-aee8-38cab1dfa474/elements [39m[32m200[39m [90m27 ms - 139[39m
[38;5;0m[HTTP][0m [90m[39m
[38;5;0m[HTTP][0m [37m-->[39m [37mGET[39m [37m/wd/hub/session/fd5246f3-d399-4040-aee8-38cab1dfa474/element/00000000-0000-01b3-ffff-ffff0000035c/location[39m
[38;5;0m[HTTP][0m [90m{}[39m
[38;5;48m[AndroidUiautomator2Driver@1428 (fd5246f3)][0m Driver proxy active, passing request on via HTTP proxy
[38;5;48m[AndroidUiautomator2Driver@1428 (fd5246f3)][0m Replacing sessionId 5000a082-c73b-4db1-a03a-2709f16a45c8 with fd5246f3-d399-4040-aee8-38cab1dfa474
[38;5;0m[HTTP][0m [37m<-- GET /wd/hub/session/fd5246f3-d399-4040-aee8-38cab1dfa474/element/00000000-0000-01b3-ffff-ffff0000035c/location [39m[32m200[39m [90m8 ms - 79[39m
[38;5;0m[HTTP][0m [90m[39m
[38;5;0m[HTTP][0m [37m-->[39m [37mPOST[39m [37m/wd/hub/session/fd5246f3-d399-4040-aee8-38cab1dfa474/element/00000000-0000-01b3-ffff-ffff0000035c/click[39m
[38;5;0m[HTTP][0m [90m{"id":"00000000-0000-01b3-ffff-ffff0000035c"}[39m
[38;5;0m[HTTP][0m [37m<-- POST /wd/hub/session/fd5246f3-d399-4040-aee8-38cab1dfa474/element/00000000-0000-01b3-ffff-ffff0000035c/click [39m[32m200[39m [90m732 ms - 14[39m
[38;5;0m[HTTP][0m [90m[39m
[38;5;0m[HTTP][0m [37m-->[39m [37mGET[39m [37m/wd/hub/session/fd5246f3-d399-4040-aee8-38cab1dfa474/source[39m
[38;5;0m[HTTP][0m [90m{}[39m
[38;5;48m[AndroidUiautomator2Driver@1428 (fd5246f3)][0m Driver proxy active, passing request on via HTTP proxy
[38;5;48m[AndroidUiautomator2Driver@1428 (fd5246f3)][0m Replacing sessionId 5000a082-c73b-4db1-a03a-2709f16a45c8 with fd5246f3-d399-4040-aee8-38cab1dfa474
[38;5;0m[HTTP][0m [37m<-- GET /wd/hub/session/fd5246f3-d399-4040-aee8-38cab1dfa474/source [39m[32m200[39m [90m18 ms - 15407[39m
[38;5;0m[HTTP][0m [90m[39m
[38;5;0m[HTTP][0m [37m-->[39m [37mGET[39m [37m/wd/hub/session/fd5246f3-d399-4040-aee8-38cab1dfa474/screenshot[39m
[38;5;0m[HTTP][0m [90m{}[39m
[38;5;0m[HTTP][0m [37m<-- GET /wd/hub/session/fd5246f3-d399-4040-aee8-38cab1dfa474/screenshot [39m[32m200[39m [90m268 ms - 331444[39m
[38;5;0m[HTTP][0m [90m[39m
[38;5;0m[HTTP][0m [37m-->[39m [37mGET[39m [37m/wd/hub/session/fd5246f3-d399-4040-aee8-38cab1dfa474/window/rect[39m
[38;5;0m[HTTP][0m [90m{}[39m
[38;5;0m[HTTP][0m [37m<-- GET /wd/hub/session/fd5246f3-d399-4040-aee8-38cab1dfa474/window/rect [39m[32m200[39m [90m5 ms - 50[39m
[38;5;0m[HTTP][0m [90m[39m
[38;5;0m[HTTP][0m [37m-->[39m [37mPOST[39m [37m/wd/hub/session/fd5246f3-d399-4040-aee8-38cab1dfa474/elements[39m
[38;5;0m[HTTP][0m [90m{"using":"xpath","value":"//*[@class = 'android.widget.EditText' and (@text = 'ইমেইল' or . = 'ইমেইল') and @resource-id = 'com.bikroy:id/sign_in_email']"}[39m
[38;5;0m[HTTP][0m [37m<-- POST /wd/hub/session/fd5246f3-d399-4040-aee8-38cab1dfa474/elements [39m[32m-[39m [90m- ms - -[39m
[38;5;0m[HTTP][0m [90m[39m
